{"displayTitle":"a","description":"b","content":"abc","author":"61fef10d1400ff7097b86990","tags":[],"_id":"61ff99803424d39685df8301","createdAt":"2022-02-06T09:48:48.277Z"}
{"type":"created","data":{"displayTitle":"a","description":"b","content":"abc","author":"61ffa5426a8a754a92cfbd44","tags":[],"_id":"61ffa5926a8a754a92cfbd48","createdAt":"2022-02-06T10:40:18.618Z"}}
{"type":"deleted","data":{"_id":"61ffa5926a8a754a92cfbd48","displayTitle":"a","description":"b","content":"abc","author":"61ffa5426a8a754a92cfbd44","tags":[],"createdAt":"2022-02-06T10:40:18.618Z"}}
{"type":"created","data":{"displayTitle":"a","description":"b","content":"abc","author":"61ffa5426a8a754a92cfbd44","tags":[],"_id":"61ffa75b8fab19e820ed6351","createdAt":"2022-02-06T10:47:55.308Z"}}
{"type":"created","data":{"displayTitle":"a","description":"b","content":"abc","author":"61ffa7678fab19e820ed6353","tags":[],"_id":"61ffa77a8fab19e820ed6357","createdAt":"2022-02-06T10:48:26.938Z"}}
{"type":"deleted","data":null}
{"type":"deleted","data":{"_id":"61ffa77a8fab19e820ed6357","displayTitle":"a","description":"b","content":"abc","author":"61ffa7678fab19e820ed6353","tags":[],"createdAt":"2022-02-06T10:48:26.938Z"}}
{"type":"created","data":{"displayTitle":"a","description":"b","content":"abc","author":"61ffab0a0c173d06cb2d617f","tags":[],"_id":"61ffab290c173d06cb2d6183","createdAt":"2022-02-06T11:04:09.098Z"}}
{"type":"deleted","data":{"_id":"61ffab290c173d06cb2d6183","displayTitle":"a","description":"b","content":"abc","author":"61ffab0a0c173d06cb2d617f","tags":[],"createdAt":"2022-02-06T11:04:09.098Z"}}
{"type":"created","data":{"displayTitle":"a","description":"b","content":"abc","author":"61ffab0a0c173d06cb2d617f","tags":[],"_id":"61ffac6411cdf85220b79267","createdAt":"2022-02-06T11:09:24.671Z"}}
{"type":"deleted","data":{"_id":"61ffac6411cdf85220b79267","displayTitle":"a","description":"b","content":"abc","author":{"_id":"61ffab0a0c173d06cb2d617f","name":"veys","displayName":"vsay","role":"user","createdAt":"2022-02-06T11:03:38.175Z","lastLogin":"2022-02-06T11:03:47.547Z"},"tags":[],"createdAt":"2022-02-06T11:09:24.671Z"}}
{"type":"created","data":{"displayTitle":"a","description":"b","content":"abc","author":"61ffab0a0c173d06cb2d617f","tags":[],"_id":"61ffaccb0021121b728cb422","createdAt":"2022-02-06T11:11:07.269Z"}}
{"type":"deleted","data":{"_id":"61ffaccb0021121b728cb422","displayTitle":"a","description":"b","content":"abc","author":{"_id":"61ffab0a0c173d06cb2d617f","name":"veys","displayName":"vsay","role":"user","createdAt":"2022-02-06T11:03:38.175Z","lastLogin":"2022-02-06T11:03:47.547Z"},"tags":[],"createdAt":"2022-02-06T11:11:07.269Z"}}
{"type":"created","data":{"displayTitle":"a","description":"b","content":"abc","author":"61ffaefe0021121b728cb430","tags":[],"_id":"61ffaf1d0021121b728cb434","createdAt":"2022-02-06T11:21:01.778Z"}}
{"type":"created","data":{"displayTitle":"a","description":"b","content":"abc","author":"61ffb2795ca71df9260e07db","tags":[],"_id":"61ffb29a5ca71df9260e07df","createdAt":"2022-02-06T11:35:54.328Z"}}
{"type":"updated"}
{"type":"updated","data":null}
{"type":"updated","data":null}
{"type":"updated","data":null}
{"type":"updated","data":{"_id":"61ffb29a5ca71df9260e07df","displayTitle":"a","description":"b","content":"abc","author":"61ffb2795ca71df9260e07db","tags":[],"createdAt":"2022-02-06T11:35:54.328Z"}}
{"type":"updated","data":{"_id":"61ffb29a5ca71df9260e07df","displayTitle":"abiii","description":"beee","content":"abc","author":"61ffb2795ca71df9260e07db","tags":[],"createdAt":"2022-02-06T11:35:54.328Z"}}
{"type":"updated","data":{"_id":"61ffb29a5ca71df9260e07df","displayTitle":"abiii","description":"beessse","content":"abc","author":"61ffb2795ca71df9260e07db","tags":[],"createdAt":"2022-02-06T11:35:54.328Z"}}
{"type":"updated","data":{"_id":"61ffb29a5ca71df9260e07df","displayTitle":"abiii","description":"beessse","content":"abc","author":"61ffb2795ca71df9260e07db","tags":[],"createdAt":"2022-02-06T11:35:54.328Z"}}
{"type":"updated","data":{"_id":"61ffb29a5ca71df9260e07df","displayTitle":"abiii","description":"2131231","content":"abc","author":"61ffb2795ca71df9260e07db","tags":[],"createdAt":"2022-02-06T11:35:54.328Z"}}
{"type":"updated","data":{"_id":"61ffb29a5ca71df9260e07df","displayTitle":"abiii","description":"2131231","content":"axxxxbc","author":"61ffb2795ca71df9260e07db","tags":[],"createdAt":"2022-02-06T11:35:54.328Z"}}
